2026-04-10 15:29:11.941 | APP | TenderSmart launcher started
2026-04-10 15:29:11.942 | APP | Python: python
2026-04-10 15:29:11.942 | APP | Working directory: /app/applet
2026-04-10 15:29:11.942 | APP | BACKEND start: python -m uvicorn backend.main:app --reload --port 8000
2026-04-10 15:29:11.947 | APP | FRONTEND start: npm run dev:frontend
2026-04-10 15:29:11.953 | APP | BACKEND start error: spawn python ENOENT
2026-04-10 15:29:11.956 | APP | BACKEND exited with code -2
2026-04-10 15:29:12.489 | FRONTEND | > tendersmart-gidroizol-ai@0.0.0 dev:frontend
2026-04-10 15:29:12.489 | FRONTEND | > vite
2026-04-10 15:29:12.902 | FRONTEND |   VITE v5.2.0  ready in 348 ms
2026-04-10 15:29:12.902 | FRONTEND |   ➜  Local:   http://localhost:3000/
2026-04-10 15:29:12.902 | FRONTEND |   ➜  Network: http://169.254.8.1:3000/
2026-04-10 15:29:12.902 | FRONTEND |   ➜  Network: http://169.254.9.1:3000/
2026-04-10 15:29:12.902 | FRONTEND |   ➜  Network: http://169.254.169.1:3000/
2026-04-10 17:28:05.304 | FRONTEND | 5:28:05 PM [vite] hmr update /src/pages/TenderSearch.tsx
2026-04-10 17:28:05.304 | FRONTEND | 5:28:05 PM [vite] hmr update /src/pages/TenderCRM.tsx
2026-04-10 17:28:05.304 | FRONTEND | 5:28:05 PM [vite] hmr update /src/pages/ProductCatalog.tsx
2026-04-10 17:28:05.313 | FRONTEND | 5:28:05 PM [vite] hmr update /src/pages/ComplianceCheck.tsx
2026-04-10 17:28:05.313 | FRONTEND | 5:28:05 PM [vite] hmr update /src/pages/Analysis.tsx
2026-04-10 17:28:05.313 | FRONTEND | 5:28:05 PM [vite] hmr update /src/Header.tsx, /src/pages/Dashboard.tsx, /src/pages/ProductCatalog.tsx, /src/pages/ComplianceCheck.tsx, /src/pages/TenderSearch.tsx, /src/pages/TenderCRM.tsx, /src/pages/Calendar.tsx, /src/pages/Settings.tsx, /src/pages/ProductMatching.tsx, /src/pages/Analysis.tsx
2026-04-10 17:28:07.236 | FRONTEND | 5:28:07 PM [vite] hmr update /src/Header.tsx, /src/pages/Dashboard.tsx, /src/pages/ProductCatalog.tsx, /src/pages/ComplianceCheck.tsx, /src/pages/TenderSearch.tsx, /src/pages/TenderCRM.tsx, /src/pages/Calendar.tsx, /src/pages/Settings.tsx, /src/pages/ProductMatching.tsx, /src/pages/Analysis.tsx
